[debug] [2024-01-04T15:33:52.833Z] ----------------------------------------------------------------------
[debug] [2024-01-04T15:33:52.837Z] Command:       C:\Program Files\nodejs\node.exe C:\Users\HP\AppData\Roaming\npm\node_modules\firebase-tools\lib\bin\firebase.js init
[debug] [2024-01-04T15:33:52.838Z] CLI Version:   13.0.2
[debug] [2024-01-04T15:33:52.838Z] Platform:      win32
[debug] [2024-01-04T15:33:52.839Z] Node Version:  v20.10.0
[debug] [2024-01-04T15:33:52.839Z] Time:          Thu Jan 04 2024 20:33:52 GMT+0500 (Pakistan Standard Time)
[debug] [2024-01-04T15:33:52.839Z] ----------------------------------------------------------------------
[debug] 
[debug] [2024-01-04T15:33:52.844Z] >>> [apiv2][query] GET https://firebase-public.firebaseio.com/cli.json [none]
[debug] [2024-01-04T15:33:52.914Z] > command requires scopes: ["email","openid","https://www.googleapis.com/auth/cloudplatformprojects.readonly","https://www.googleapis.com/auth/firebase","https://www.googleapis.com/auth/cloud-platform"]
[debug] [2024-01-04T15:33:52.914Z] > authorizing via signed-in user (razzaq6atif@gmail.com)
[info] 
     ######## #### ########  ######## ########     ###     ######  ########
     ##        ##  ##     ## ##       ##     ##  ##   ##  ##       ##
     ######    ##  ########  ######   ########  #########  ######  ######
     ##        ##  ##    ##  ##       ##     ## ##     ##       ## ##
     ##       #### ##     ## ######## ########  ##     ##  ######  ########

You're about to initialize a Firebase project in this directory:

  G:\React\Practice-5

[debug] [2024-01-04T15:33:53.651Z] <<< [apiv2][status] GET https://firebase-public.firebaseio.com/cli.json 200
[debug] [2024-01-04T15:33:53.652Z] <<< [apiv2][body] GET https://firebase-public.firebaseio.com/cli.json {"cloudBuildErrorAfter":1594252800000,"cloudBuildWarnAfter":1590019200000,"defaultNode10After":1594252800000,"minVersion":"3.0.5","node8DeploysDisabledAfter":1613390400000,"node8RuntimeDisabledAfter":1615809600000,"node8WarnAfter":1600128000000}
